{"name":"Runs Cucumber Feature","status":"broken","statusDetails":{"known":false,"muted":false,"flaky":false,"message":"cucumber.runtime.AmbiguousStepDefinitionsException: ✽.When I login as 'epam'/'1234'(lesson6/Example01.feature:6) matches more than one step definition:\n  I login as in ActionSteps.iLoginAs(User)\n  I login as '([^\"]*)'/'([^\"]*)' in ActionSteps.iLoginAs(String,String)\n","trace":"cucumber.runtime.CucumberException: cucumber.runtime.AmbiguousStepDefinitionsException: ✽.When I login as 'epam'/'1234'(lesson6/Example01.feature:6) matches more than one step definition:\n  I login as in ActionSteps.iLoginAs(User)\n  I login as '([^\"]*)'/'([^\"]*)' in ActionSteps.iLoginAs(String,String)\n\r\n\tat cucumber.api.testng.TestNGCucumberRunner.runCucumber(TestNGCucumberRunner.java:69)\r\n\tat cucumber.api.testng.AbstractTestNGCucumberTests.feature(AbstractTestNGCucumberTests.java:21)\r\n\tat sun.reflect.NativeMethodAccessorImpl.invoke0(Native Method)\r\n\tat sun.reflect.NativeMethodAccessorImpl.invoke(NativeMethodAccessorImpl.java:62)\r\n\tat sun.reflect.DelegatingMethodAccessorImpl.invoke(DelegatingMethodAccessorImpl.java:43)\r\n\tat java.lang.reflect.Method.invoke(Method.java:498)\r\n\tat org.testng.internal.MethodInvocationHelper.invokeMethod(MethodInvocationHelper.java:124)\r\n\tat org.testng.internal.Invoker.invokeMethod(Invoker.java:583)\r\n\tat org.testng.internal.Invoker.invokeTestMethod(Invoker.java:719)\r\n\tat org.testng.internal.Invoker.invokeTestMethods(Invoker.java:989)\r\n\tat org.testng.internal.TestMethodWorker.invokeTestMethods(TestMethodWorker.java:125)\r\n\tat org.testng.internal.TestMethodWorker.run(TestMethodWorker.java:109)\r\n\tat org.testng.TestRunner.privateRun(TestRunner.java:648)\r\n\tat org.testng.TestRunner.run(TestRunner.java:505)\r\n\tat org.testng.SuiteRunner.runTest(SuiteRunner.java:455)\r\n\tat org.testng.SuiteRunner.runSequentially(SuiteRunner.java:450)\r\n\tat org.testng.SuiteRunner.privateRun(SuiteRunner.java:415)\r\n\tat org.testng.SuiteRunner.run(SuiteRunner.java:364)\r\n\tat org.testng.SuiteRunnerWorker.runSuite(SuiteRunnerWorker.java:52)\r\n\tat org.testng.SuiteRunnerWorker.run(SuiteRunnerWorker.java:84)\r\n\tat org.testng.TestNG.runSuitesSequentially(TestNG.java:1208)\r\n\tat org.testng.TestNG.runSuitesLocally(TestNG.java:1137)\r\n\tat org.testng.TestNG.runSuites(TestNG.java:1049)\r\n\tat org.testng.TestNG.run(TestNG.java:1017)\r\n\tat org.testng.IDEARemoteTestNG.run(IDEARemoteTestNG.java:73)\r\n\tat org.testng.RemoteTestNGStarter.main(RemoteTestNGStarter.java:123)\r\nCaused by: cucumber.runtime.AmbiguousStepDefinitionsException: ✽.When I login as 'epam'/'1234'(lesson6/Example01.feature:6) matches more than one step definition:\n  I login as in ActionSteps.iLoginAs(User)\n  I login as '([^\"]*)'/'([^\"]*)' in ActionSteps.iLoginAs(String,String)\n\r\n\tat cucumber.runtime.RuntimeGlue.stepDefinitionMatch(RuntimeGlue.java:71)\r\n\tat cucumber.runtime.Runtime.runStep(Runtime.java:267)\r\n\tat cucumber.runtime.model.StepContainer.runStep(StepContainer.java:44)\r\n\tat cucumber.runtime.model.StepContainer.runSteps(StepContainer.java:39)\r\n\tat cucumber.runtime.model.CucumberScenario.run(CucumberScenario.java:44)\r\n\tat cucumber.runtime.model.CucumberFeature.run(CucumberFeature.java:165)\r\n\tat cucumber.api.testng.TestNGCucumberRunner.runCucumber(TestNGCucumberRunner.java:63)\r\n\t... 25 more\r\n"},"stage":"finished","steps":[],"attachments":[],"parameters":[{"name":"arg0","value":"Example01"}],"start":1561485283785,"stop":1561485296675,"uuid":"6dce486d-009f-4204-b413-71def1aa4e9f","historyId":"fb933866e0f01d6055bf9b2f07f60ca3","fullName":"cucumber.api.testng.AbstractTestNGCucumberTests.feature","labels":[{"name":"package","value":"lesson6.RunAcceptanceRunWithoutSkipIT"},{"name":"testClass","value":"lesson6.RunAcceptanceRunWithoutSkipIT"},{"name":"testMethod","value":"feature"},{"name":"parentSuite","value":"Default Suite"},{"name":"suite","value":"test-auto-summer-2019"},{"name":"subSuite","value":"lesson6.RunAcceptanceRunWithoutSkipIT"},{"name":"host","value":"EPRUPETW1987"},{"name":"thread","value":"58072@EPRUPETW1987.main(1)"},{"name":"framework","value":"testng"},{"name":"language","value":"java"}],"links":[]}